{"numFailedTestSuites":1,"numFailedTests":1,"numPassedTestSuites":0,"numPassedTests":26,"numPendingTestSuites":0,"numPendingTests":0,"numRuntimeErrorTestSuites":0,"numTodoTests":0,"numTotalTestSuites":1,"numTotalTests":27,"openHandles":[],"snapshot":{"added":0,"didUpdate":false,"failure":false,"filesAdded":0,"filesRemoved":0,"filesRemovedList":[],"filesUnmatched":0,"filesUpdated":0,"matched":0,"total":0,"unchecked":0,"uncheckedKeysByFile":[],"unmatched":0,"updated":0},"startTime":1771817201840,"success":false,"testResults":[{"assertionResults":[{"ancestorTitles":["AuthService"],"duration":14,"failing":false,"failureDetails":[],"failureMessages":[],"fullName":"AuthService should be defined","invocations":1,"location":null,"numPassingAsserts":1,"retryReasons":[],"startAt":1771817205235,"status":"passed","title":"should be defined"},{"ancestorTitles":["AuthService","register"],"duration":7,"failing":false,"failureDetails":[],"failureMessages":[],"fullName":"AuthService register should register a new user successfully","invocations":1,"location":null,"numPassingAsserts":5,"retryReasons":[],"startAt":1771817205251,"status":"passed","title":"should register a new user successfully"},{"ancestorTitles":["AuthService","register"],"duration":29,"failing":false,"failureDetails":[],"failureMessages":[],"fullName":"AuthService register should throw ConflictException if email exists","invocations":1,"location":null,"numPassingAsserts":1,"retryReasons":[],"startAt":1771817205258,"status":"passed","title":"should throw ConflictException if email exists"},{"ancestorTitles":["AuthService","login"],"duration":30,"failing":false,"failureDetails":[],"failureMessages":[],"fullName":"AuthService login should login successfully","invocations":1,"location":null,"numPassingAsserts":4,"retryReasons":[],"startAt":1771817205289,"status":"passed","title":"should login successfully"},{"ancestorTitles":["AuthService","login"],"duration":3,"failing":false,"failureDetails":[],"failureMessages":[],"fullName":"AuthService login should verify 2FA if enabled","invocations":1,"location":null,"numPassingAsserts":2,"retryReasons":[],"startAt":1771817205320,"status":"passed","title":"should verify 2FA if enabled"},{"ancestorTitles":["AuthService","login"],"duration":2,"failing":false,"failureDetails":[],"failureMessages":[],"fullName":"AuthService login should throw UnauthorizedException for invalid credentials","invocations":1,"location":null,"numPassingAsserts":1,"retryReasons":[],"startAt":1771817205324,"status":"passed","title":"should throw UnauthorizedException for invalid credentials"},{"ancestorTitles":["AuthService","adminLogin"],"duration":2,"failing":false,"failureDetails":[],"failureMessages":[],"fullName":"AuthService adminLogin should login admin successfully if they have permissions","invocations":1,"location":null,"numPassingAsserts":2,"retryReasons":[],"startAt":1771817205327,"status":"passed","title":"should login admin successfully if they have permissions"},{"ancestorTitles":["AuthService","adminLogin"],"duration":17,"failing":false,"failureDetails":[],"failureMessages":[],"fullName":"AuthService adminLogin should throw UnauthorizedException if user has no permissions","invocations":1,"location":null,"numPassingAsserts":1,"retryReasons":[],"startAt":1771817205330,"status":"passed","title":"should throw UnauthorizedException if user has no permissions"},{"ancestorTitles":["AuthService","logout"],"duration":3,"failing":false,"failureDetails":[],"failureMessages":[],"fullName":"AuthService logout should blacklist access token and revoke session","invocations":1,"location":null,"numPassingAsserts":3,"retryReasons":[],"startAt":1771817205348,"status":"passed","title":"should blacklist access token and revoke session"},{"ancestorTitles":["AuthService","verify2FA"],"duration":4,"failing":false,"failureDetails":[],"failureMessages":[],"fullName":"AuthService verify2FA should verify TOTP and return tokens","invocations":1,"location":null,"numPassingAsserts":3,"retryReasons":[],"startAt":1771817205352,"status":"passed","title":"should verify TOTP and return tokens"},{"ancestorTitles":["AuthService","forgotPassword"],"duration":2,"failing":false,"failureDetails":[],"failureMessages":[],"fullName":"AuthService forgotPassword should send reset email for web platform","invocations":1,"location":null,"numPassingAsserts":2,"retryReasons":[],"startAt":1771817205357,"status":"passed","title":"should send reset email for web platform"},{"ancestorTitles":["AuthService","verifyOTP"],"duration":2,"failing":false,"failureDetails":[],"failureMessages":[],"fullName":"AuthService verifyOTP should verify OTP successfully","invocations":1,"location":null,"numPassingAsserts":3,"retryReasons":[],"startAt":1771817205360,"status":"passed","title":"should verify OTP successfully"},{"ancestorTitles":["AuthService","updateUser"],"duration":2,"failing":false,"failureDetails":[],"failureMessages":[],"fullName":"AuthService updateUser should update user display name and metadata","invocations":1,"location":null,"numPassingAsserts":3,"retryReasons":[],"startAt":1771817205363,"status":"passed","title":"should update user display name and metadata"},{"ancestorTitles":["AuthService","updateAvatar"],"duration":3,"failing":false,"failureDetails":[],"failureMessages":[],"fullName":"AuthService updateAvatar should update avatar and delete old one","invocations":1,"location":null,"numPassingAsserts":2,"retryReasons":[],"startAt":1771817205365,"status":"passed","title":"should update avatar and delete old one"},{"ancestorTitles":["AuthService","invited user flow"],"duration":1,"failing":false,"failureDetails":[],"failureMessages":[],"fullName":"AuthService invited user flow should verify invite token","invocations":1,"location":null,"numPassingAsserts":2,"retryReasons":[],"startAt":1771817205369,"status":"passed","title":"should verify invite token"},{"ancestorTitles":["AuthService","invited user flow"],"duration":2,"failing":false,"failureDetails":[],"failureMessages":[],"fullName":"AuthService invited user flow should set password for invited user","invocations":1,"location":null,"numPassingAsserts":3,"retryReasons":[],"startAt":1771817205371,"status":"passed","title":"should set password for invited user"},{"ancestorTitles":["AuthService","OAuth and Providers"],"duration":3,"failing":false,"failureDetails":[],"failureMessages":[],"fullName":"AuthService OAuth and Providers should register/login with Google successfully","invocations":1,"location":null,"numPassingAsserts":2,"retryReasons":[],"startAt":1771817205373,"status":"passed","title":"should register/login with Google successfully"},{"ancestorTitles":["AuthService","OAuth and Providers"],"duration":2,"failing":false,"failureDetails":[],"failureMessages":[],"fullName":"AuthService OAuth and Providers should link Google account if not already linked","invocations":1,"location":null,"numPassingAsserts":1,"retryReasons":[],"startAt":1771817205376,"status":"passed","title":"should link Google account if not already linked"},{"ancestorTitles":["AuthService","OAuth and Providers"],"duration":2,"failing":false,"failureDetails":[],"failureMessages":[],"fullName":"AuthService OAuth and Providers should unlink provider if multiple exist","invocations":1,"location":null,"numPassingAsserts":1,"retryReasons":[],"startAt":1771817205378,"status":"passed","title":"should unlink provider if multiple exist"},{"ancestorTitles":["AuthService","OAuth and Providers"],"duration":2,"failing":false,"failureDetails":[],"failureMessages":[],"fullName":"AuthService OAuth and Providers should throw error when unlinking last provider","invocations":1,"location":null,"numPassingAsserts":1,"retryReasons":[],"startAt":1771817205381,"status":"passed","title":"should throw error when unlinking last provider"},{"ancestorTitles":["AuthService","OAuth and Providers"],"duration":2,"failing":false,"failureDetails":[],"failureMessages":[],"fullName":"AuthService OAuth and Providers should return linked providers","invocations":1,"location":null,"numPassingAsserts":1,"retryReasons":[],"startAt":1771817205383,"status":"passed","title":"should return linked providers"},{"ancestorTitles":["AuthService","Account Management"],"duration":2,"failing":false,"failureDetails":[],"failureMessages":[],"fullName":"AuthService Account Management should get current user with permissions","invocations":1,"location":null,"numPassingAsserts":2,"retryReasons":[],"startAt":1771817205385,"status":"passed","title":"should get current user with permissions"},{"ancestorTitles":["AuthService","Account Management"],"duration":4,"failing":false,"failureDetails":[],"failureMessages":[],"fullName":"AuthService Account Management should reset password and revoke all sessions","invocations":1,"location":null,"numPassingAsserts":3,"retryReasons":[],"startAt":1771817205387,"status":"passed","title":"should reset password and revoke all sessions"},{"ancestorTitles":["AuthService","Account Management"],"duration":1,"failing":false,"failureDetails":[],"failureMessages":[],"fullName":"AuthService Account Management should soft delete user","invocations":1,"location":null,"numPassingAsserts":1,"retryReasons":[],"startAt":1771817205392,"status":"passed","title":"should soft delete user"},{"ancestorTitles":["AuthService","Verification and OTP Resend"],"duration":1,"failing":false,"failureDetails":[],"failureMessages":[],"fullName":"AuthService Verification and OTP Resend should verify verification token","invocations":1,"location":null,"numPassingAsserts":2,"retryReasons":[],"startAt":1771817205394,"status":"passed","title":"should verify verification token"},{"ancestorTitles":["AuthService","Verification and OTP Resend"],"duration":2,"failing":false,"failureDetails":[],"failureMessages":[],"fullName":"AuthService Verification and OTP Resend should resend verification email","invocations":1,"location":null,"numPassingAsserts":1,"retryReasons":[],"startAt":1771817205395,"status":"passed","title":"should resend verification email"},{"ancestorTitles":["AuthService","Verification and OTP Resend"],"duration":2,"failing":false,"failureDetails":[{"response":{"message":"Email already verified","error":"Bad Request","statusCode":400},"status":400,"options":{},"message":"Email already verified","name":"BadRequestException"}],"failureMessages":["BadRequestException: Email already verified\n    at AuthService.resendOTP (D:\\KyFinal\\SEP490\\torii-monorepo\\apps\\server\\modules\\identity\\src\\modules\\auth\\auth.service.ts:599:19)\n    at processTicksAndRejections (node:internal/process/task_queues:95:5)\n    at Object.<anonymous> (D:\\KyFinal\\SEP490\\torii-monorepo\\apps\\server\\modules\\identity\\test\\auth.service.spec.ts:549:13)"],"fullName":"AuthService Verification and OTP Resend should resend OTP","invocations":1,"location":null,"numPassingAsserts":0,"retryReasons":[],"startAt":1771817205398,"status":"failed","title":"should resend OTP"}],"endTime":1771817205413,"message":"\u001b[1m\u001b[31m  \u001b[1m● \u001b[22m\u001b[1mAuthService › Verification and OTP Resend › should resend OTP\u001b[39m\u001b[22m\n\n    BadRequestException: Email already verified\n\u001b[2m\u001b[22m\n\u001b[2m    \u001b[0m \u001b[90m 597 |\u001b[39m\u001b[22m\n\u001b[2m     \u001b[90m 598 |\u001b[39m         \u001b[36mif\u001b[39m (type \u001b[33m===\u001b[39m \u001b[32m'registration'\u001b[39m \u001b[33m&&\u001b[39m user\u001b[33m.\u001b[39mverifiedAt) {\u001b[22m\n\u001b[2m    \u001b[31m\u001b[1m>\u001b[22m\u001b[2m\u001b[39m\u001b[90m 599 |\u001b[39m             \u001b[36mthrow\u001b[39m \u001b[36mnew\u001b[39m \u001b[33mBadRequestException\u001b[39m(\u001b[32m'Email already verified'\u001b[39m)\u001b[33m;\u001b[39m\u001b[22m\n\u001b[2m     \u001b[90m     |\u001b[39m                   \u001b[31m\u001b[1m^\u001b[22m\u001b[2m\u001b[39m\u001b[22m\n\u001b[2m     \u001b[90m 600 |\u001b[39m         }\u001b[22m\n\u001b[2m     \u001b[90m 601 |\u001b[39m\u001b[22m\n\u001b[2m     \u001b[90m 602 |\u001b[39m         \u001b[90m// Rate limiting: 3 requests per hour\u001b[39m\u001b[0m\u001b[22m\n\u001b[2m\u001b[22m\n\u001b[2m      \u001b[2mat AuthService.resendOTP (\u001b[22m\u001b[2mmodules/identity/src/modules/auth/auth.service.ts\u001b[2m:599:19)\u001b[22m\u001b[2m\u001b[22m\n\u001b[2m      \u001b[2mat Object.<anonymous> (\u001b[22m\u001b[2m\u001b[0m\u001b[36mmodules/identity/test/auth.service.spec.ts\u001b[39m\u001b[0m\u001b[2m:549:13)\u001b[22m\u001b[2m\u001b[22m\n","name":"D:\\KyFinal\\SEP490\\torii-monorepo\\apps\\server\\modules\\identity\\test\\auth.service.spec.ts","startTime":1771817202094,"status":"failed","summary":""}],"wasInterrupted":false}
